02-Oct-2020 00:06:08.931 INFOS [http-nio-8080-exec-18] org.apache.catalina.startup.HostConfig.undeploy Repli (undeploy) de l'application web ayant pour chemin de contexte [/demowebsir-1.0-SNAPSHOT]
02-Oct-2020 00:06:26.050 INFOS [http-nio-8080-exec-16] org.apache.catalina.startup.HostConfig.deployWAR Déploiement de l'archive [/Users/samiryoucef/Desktop/apache-tomcat-8.5.32/webapps/demowebsir-1.0-SNAPSHOT.war] de l'application web
02-Oct-2020 00:06:26.077 INFOS [http-nio-8080-exec-16] org.apache.jasper.servlet.TldScanner.scanJars At least one JAR was scanned for TLDs yet contained no TLDs. Enable debug logging for this logger for a complete list of JARs that were scanned but no TLDs were found in them. Skipping unneeded JARs during scanning can improve startup time and JSP compilation time.
02-Oct-2020 00:06:26.078 INFOS [http-nio-8080-exec-16] org.apache.catalina.startup.HostConfig.deployWAR Deployment of web application archive [/Users/samiryoucef/Desktop/apache-tomcat-8.5.32/webapps/demowebsir-1.0-SNAPSHOT.war] has finished in [28] ms
02-Oct-2020 00:10:30.804 INFOS [http-nio-8080-exec-26] org.apache.catalina.startup.HostConfig.undeploy Repli (undeploy) de l'application web ayant pour chemin de contexte [/demowebsir-1.0-SNAPSHOT]
02-Oct-2020 00:11:21.826 INFOS [http-nio-8080-exec-29] org.apache.catalina.startup.HostConfig.deployWAR Déploiement de l'archive [/Users/samiryoucef/Desktop/apache-tomcat-8.5.32/webapps/demowebsir-1.0-SNAPSHOT.war] de l'application web
02-Oct-2020 00:11:21.918 INFOS [http-nio-8080-exec-29] org.apache.jasper.servlet.TldScanner.scanJars At least one JAR was scanned for TLDs yet contained no TLDs. Enable debug logging for this logger for a complete list of JARs that were scanned but no TLDs were found in them. Skipping unneeded JARs during scanning can improve startup time and JSP compilation time.
02-Oct-2020 00:11:21.923 INFOS [http-nio-8080-exec-29] org.apache.catalina.startup.HostConfig.deployWAR Deployment of web application archive [/Users/samiryoucef/Desktop/apache-tomcat-8.5.32/webapps/demowebsir-1.0-SNAPSHOT.war] has finished in [97] ms
02-Oct-2020 00:16:17.546 INFOS [http-nio-8080-exec-31] org.apache.catalina.startup.HostConfig.undeploy Repli (undeploy) de l'application web ayant pour chemin de contexte [/demowebsir-1.0-SNAPSHOT]
02-Oct-2020 00:16:27.721 INFOS [http-nio-8080-exec-33] org.apache.catalina.startup.HostConfig.deployWAR Déploiement de l'archive [/Users/samiryoucef/Desktop/apache-tomcat-8.5.32/webapps/demowebsir-1.0-SNAPSHOT.war] de l'application web
02-Oct-2020 00:16:27.801 INFOS [http-nio-8080-exec-33] org.apache.jasper.servlet.TldScanner.scanJars At least one JAR was scanned for TLDs yet contained no TLDs. Enable debug logging for this logger for a complete list of JARs that were scanned but no TLDs were found in them. Skipping unneeded JARs during scanning can improve startup time and JSP compilation time.
02-Oct-2020 00:16:27.806 INFOS [http-nio-8080-exec-33] org.apache.catalina.startup.HostConfig.deployWAR Deployment of web application archive [/Users/samiryoucef/Desktop/apache-tomcat-8.5.32/webapps/demowebsir-1.0-SNAPSHOT.war] has finished in [85] ms
02-Oct-2020 00:20:36.617 INFOS [http-nio-8080-exec-41] org.apache.catalina.startup.HostConfig.undeploy Repli (undeploy) de l'application web ayant pour chemin de contexte [/demowebsir-1.0-SNAPSHOT]
02-Oct-2020 00:20:46.370 INFOS [http-nio-8080-exec-46] org.apache.catalina.startup.HostConfig.deployWAR Déploiement de l'archive [/Users/samiryoucef/Desktop/apache-tomcat-8.5.32/webapps/demowebsir-1.0-SNAPSHOT.war] de l'application web
02-Oct-2020 00:20:46.435 INFOS [http-nio-8080-exec-46] org.apache.jasper.servlet.TldScanner.scanJars At least one JAR was scanned for TLDs yet contained no TLDs. Enable debug logging for this logger for a complete list of JARs that were scanned but no TLDs were found in them. Skipping unneeded JARs during scanning can improve startup time and JSP compilation time.
02-Oct-2020 00:20:46.440 INFOS [http-nio-8080-exec-46] org.apache.catalina.startup.HostConfig.deployWAR Deployment of web application archive [/Users/samiryoucef/Desktop/apache-tomcat-8.5.32/webapps/demowebsir-1.0-SNAPSHOT.war] has finished in [70] ms
02-Oct-2020 00:22:36.694 INFOS [http-nio-8080-exec-49] org.apache.catalina.startup.HostConfig.undeploy Repli (undeploy) de l'application web ayant pour chemin de contexte [/demowebsir-1.0-SNAPSHOT]
02-Oct-2020 00:22:46.217 INFOS [http-nio-8080-exec-51] org.apache.catalina.startup.HostConfig.deployWAR Déploiement de l'archive [/Users/samiryoucef/Desktop/apache-tomcat-8.5.32/webapps/demowebsir-1.0-SNAPSHOT.war] de l'application web
02-Oct-2020 00:22:46.279 INFOS [http-nio-8080-exec-51] org.apache.jasper.servlet.TldScanner.scanJars At least one JAR was scanned for TLDs yet contained no TLDs. Enable debug logging for this logger for a complete list of JARs that were scanned but no TLDs were found in them. Skipping unneeded JARs during scanning can improve startup time and JSP compilation time.
02-Oct-2020 00:22:46.286 INFOS [http-nio-8080-exec-51] org.apache.catalina.startup.HostConfig.deployWAR Deployment of web application archive [/Users/samiryoucef/Desktop/apache-tomcat-8.5.32/webapps/demowebsir-1.0-SNAPSHOT.war] has finished in [69] ms
02-Oct-2020 00:28:52.320 INFOS [http-nio-8080-exec-54] org.apache.catalina.startup.HostConfig.undeploy Repli (undeploy) de l'application web ayant pour chemin de contexte [/demowebsir-1.0-SNAPSHOT]
02-Oct-2020 00:29:02.799 INFOS [http-nio-8080-exec-45] org.apache.catalina.startup.HostConfig.deployWAR Déploiement de l'archive [/Users/samiryoucef/Desktop/apache-tomcat-8.5.32/webapps/demowebsir-1.0-SNAPSHOT.war] de l'application web
02-Oct-2020 00:29:02.869 INFOS [http-nio-8080-exec-45] org.apache.jasper.servlet.TldScanner.scanJars At least one JAR was scanned for TLDs yet contained no TLDs. Enable debug logging for this logger for a complete list of JARs that were scanned but no TLDs were found in them. Skipping unneeded JARs during scanning can improve startup time and JSP compilation time.
02-Oct-2020 00:29:02.875 INFOS [http-nio-8080-exec-45] org.apache.catalina.startup.HostConfig.deployWAR Deployment of web application archive [/Users/samiryoucef/Desktop/apache-tomcat-8.5.32/webapps/demowebsir-1.0-SNAPSHOT.war] has finished in [75] ms
02-Oct-2020 00:36:27.626 INFOS [http-nio-8080-exec-62] org.apache.catalina.startup.HostConfig.undeploy Repli (undeploy) de l'application web ayant pour chemin de contexte [/demowebsir-1.0-SNAPSHOT]
02-Oct-2020 00:37:34.552 INFOS [http-nio-8080-exec-72] org.apache.catalina.startup.HostConfig.deployWAR Déploiement de l'archive [/Users/samiryoucef/Desktop/apache-tomcat-8.5.32/webapps/demowebsir-1.0-SNAPSHOT.war] de l'application web
02-Oct-2020 00:37:34.622 INFOS [http-nio-8080-exec-72] org.apache.jasper.servlet.TldScanner.scanJars At least one JAR was scanned for TLDs yet contained no TLDs. Enable debug logging for this logger for a complete list of JARs that were scanned but no TLDs were found in them. Skipping unneeded JARs during scanning can improve startup time and JSP compilation time.
02-Oct-2020 00:37:34.628 INFOS [http-nio-8080-exec-72] org.apache.catalina.startup.HostConfig.deployWAR Deployment of web application archive [/Users/samiryoucef/Desktop/apache-tomcat-8.5.32/webapps/demowebsir-1.0-SNAPSHOT.war] has finished in [77] ms
02-Oct-2020 00:38:17.758 INFOS [http-nio-8080-exec-70] org.apache.catalina.startup.HostConfig.undeploy Repli (undeploy) de l'application web ayant pour chemin de contexte [/demowebsir-1.0-SNAPSHOT]
02-Oct-2020 00:38:27.789 INFOS [http-nio-8080-exec-68] org.apache.catalina.startup.HostConfig.deployWAR Déploiement de l'archive [/Users/samiryoucef/Desktop/apache-tomcat-8.5.32/webapps/demowebsir-1.0-SNAPSHOT.war] de l'application web
02-Oct-2020 00:38:27.846 INFOS [http-nio-8080-exec-68] org.apache.jasper.servlet.TldScanner.scanJars At least one JAR was scanned for TLDs yet contained no TLDs. Enable debug logging for this logger for a complete list of JARs that were scanned but no TLDs were found in them. Skipping unneeded JARs during scanning can improve startup time and JSP compilation time.
02-Oct-2020 00:38:27.851 INFOS [http-nio-8080-exec-68] org.apache.catalina.startup.HostConfig.deployWAR Deployment of web application archive [/Users/samiryoucef/Desktop/apache-tomcat-8.5.32/webapps/demowebsir-1.0-SNAPSHOT.war] has finished in [61] ms
02-Oct-2020 00:39:19.310 INFOS [http-nio-8080-exec-76] org.apache.catalina.startup.HostConfig.undeploy Repli (undeploy) de l'application web ayant pour chemin de contexte [/demowebsir-1.0-SNAPSHOT]
02-Oct-2020 00:39:28.815 INFOS [http-nio-8080-exec-72] org.apache.catalina.startup.HostConfig.deployWAR Déploiement de l'archive [/Users/samiryoucef/Desktop/apache-tomcat-8.5.32/webapps/demowebsir-1.0-SNAPSHOT.war] de l'application web
02-Oct-2020 00:39:28.870 INFOS [http-nio-8080-exec-72] org.apache.jasper.servlet.TldScanner.scanJars At least one JAR was scanned for TLDs yet contained no TLDs. Enable debug logging for this logger for a complete list of JARs that were scanned but no TLDs were found in them. Skipping unneeded JARs during scanning can improve startup time and JSP compilation time.
02-Oct-2020 00:39:28.874 INFOS [http-nio-8080-exec-72] org.apache.catalina.startup.HostConfig.deployWAR Deployment of web application archive [/Users/samiryoucef/Desktop/apache-tomcat-8.5.32/webapps/demowebsir-1.0-SNAPSHOT.war] has finished in [60] ms
02-Oct-2020 00:41:57.851 INFOS [http-nio-8080-exec-81] org.apache.catalina.startup.HostConfig.undeploy Repli (undeploy) de l'application web ayant pour chemin de contexte [/demowebsir-1.0-SNAPSHOT]
02-Oct-2020 00:42:06.651 INFOS [http-nio-8080-exec-79] org.apache.catalina.startup.HostConfig.deployWAR Déploiement de l'archive [/Users/samiryoucef/Desktop/apache-tomcat-8.5.32/webapps/demowebsir-1.0-SNAPSHOT.war] de l'application web
02-Oct-2020 00:42:06.706 INFOS [http-nio-8080-exec-79] org.apache.jasper.servlet.TldScanner.scanJars At least one JAR was scanned for TLDs yet contained no TLDs. Enable debug logging for this logger for a complete list of JARs that were scanned but no TLDs were found in them. Skipping unneeded JARs during scanning can improve startup time and JSP compilation time.
02-Oct-2020 00:42:06.709 INFOS [http-nio-8080-exec-79] org.apache.catalina.startup.HostConfig.deployWAR Deployment of web application archive [/Users/samiryoucef/Desktop/apache-tomcat-8.5.32/webapps/demowebsir-1.0-SNAPSHOT.war] has finished in [58] ms
02-Oct-2020 00:46:09.853 INFOS [http-nio-8080-exec-87] org.apache.catalina.startup.HostConfig.undeploy Repli (undeploy) de l'application web ayant pour chemin de contexte [/demowebsir-1.0-SNAPSHOT]
02-Oct-2020 00:46:19.384 INFOS [http-nio-8080-exec-91] org.apache.catalina.startup.HostConfig.deployWAR Déploiement de l'archive [/Users/samiryoucef/Desktop/apache-tomcat-8.5.32/webapps/demowebsir-1.0-SNAPSHOT.war] de l'application web
02-Oct-2020 00:46:19.441 INFOS [http-nio-8080-exec-91] org.apache.jasper.servlet.TldScanner.scanJars At least one JAR was scanned for TLDs yet contained no TLDs. Enable debug logging for this logger for a complete list of JARs that were scanned but no TLDs were found in them. Skipping unneeded JARs during scanning can improve startup time and JSP compilation time.
02-Oct-2020 00:46:19.445 INFOS [http-nio-8080-exec-91] org.apache.catalina.startup.HostConfig.deployWAR Deployment of web application archive [/Users/samiryoucef/Desktop/apache-tomcat-8.5.32/webapps/demowebsir-1.0-SNAPSHOT.war] has finished in [61] ms
02-Oct-2020 00:54:28.122 INFOS [http-nio-8080-exec-96] org.apache.catalina.startup.HostConfig.undeploy Repli (undeploy) de l'application web ayant pour chemin de contexte [/demowebsir-1.0-SNAPSHOT]
02-Oct-2020 09:28:26.057 INFOS [http-nio-8080-exec-112] org.apache.catalina.startup.HostConfig.deployWAR Déploiement de l'archive [/Users/samiryoucef/Desktop/apache-tomcat-8.5.32/webapps/demoweb2i-1.0-SNAPSHOT.war] de l'application web
02-Oct-2020 09:28:26.154 INFOS [http-nio-8080-exec-112] org.apache.catalina.startup.HostConfig.deployWAR Deployment of web application archive [/Users/samiryoucef/Desktop/apache-tomcat-8.5.32/webapps/demoweb2i-1.0-SNAPSHOT.war] has finished in [97] ms
02-Oct-2020 09:29:55.149 INFOS [http-nio-8080-exec-107] org.apache.catalina.startup.HostConfig.undeploy Repli (undeploy) de l'application web ayant pour chemin de contexte [/demoweb2i-1.0-SNAPSHOT]
02-Oct-2020 09:30:04.335 INFOS [http-nio-8080-exec-113] org.apache.catalina.startup.HostConfig.deployWAR Déploiement de l'archive [/Users/samiryoucef/Desktop/apache-tomcat-8.5.32/webapps/demoweb2i-1.0-SNAPSHOT.war] de l'application web
02-Oct-2020 09:30:04.432 INFOS [http-nio-8080-exec-113] org.apache.catalina.startup.HostConfig.deployWAR Deployment of web application archive [/Users/samiryoucef/Desktop/apache-tomcat-8.5.32/webapps/demoweb2i-1.0-SNAPSHOT.war] has finished in [97] ms
02-Oct-2020 09:47:35.533 INFOS [Thread-5] org.apache.coyote.AbstractProtocol.pause Pausing ProtocolHandler ["http-nio-8080"]
02-Oct-2020 09:47:35.538 INFOS [Thread-5] org.apache.coyote.AbstractProtocol.pause Pausing ProtocolHandler ["ajp-nio-8009"]
02-Oct-2020 09:47:35.592 INFOS [Thread-5] org.apache.catalina.core.StandardService.stopInternal Arrêt du service [Catalina]
02-Oct-2020 09:47:35.609 INFOS [Thread-5] org.apache.coyote.AbstractProtocol.stop Stopping ProtocolHandler ["http-nio-8080"]
02-Oct-2020 09:47:35.611 INFOS [Thread-5] org.apache.coyote.AbstractProtocol.stop Stopping ProtocolHandler ["ajp-nio-8009"]
02-Oct-2020 09:47:35.612 INFOS [Thread-5] org.apache.coyote.AbstractProtocol.destroy Destroying ProtocolHandler ["http-nio-8080"]
02-Oct-2020 09:47:35.612 INFOS [Thread-5] org.apache.coyote.AbstractProtocol.destroy Destroying ProtocolHandler ["ajp-nio-8009"]
02-Oct-2020 09:48:29.601 INFOS [main] org.apache.catalina.startup.VersionLoggerListener.log Server version:        Apache Tomcat/8.5.32
02-Oct-2020 09:48:29.602 INFOS [main] org.apache.catalina.startup.VersionLoggerListener.log Server built:          Jun 20 2018 19:50:35 UTC
02-Oct-2020 09:48:29.602 INFOS [main] org.apache.catalina.startup.VersionLoggerListener.log Server number:         8.5.32.0
02-Oct-2020 09:48:29.602 INFOS [main] org.apache.catalina.startup.VersionLoggerListener.log OS Name:               Mac OS X
02-Oct-2020 09:48:29.603 INFOS [main] org.apache.catalina.startup.VersionLoggerListener.log OS Version:            10.15.6
02-Oct-2020 09:48:29.603 INFOS [main] org.apache.catalina.startup.VersionLoggerListener.log Architecture:          x86_64
02-Oct-2020 09:48:29.603 INFOS [main] org.apache.catalina.startup.VersionLoggerListener.log Java Home:             /Users/samiryoucef/.sdkman/candidates/java/8.0.265.hs-adpt/jre
02-Oct-2020 09:48:29.603 INFOS [main] org.apache.catalina.startup.VersionLoggerListener.log JVM Version:           1.8.0_265-b01
02-Oct-2020 09:48:29.603 INFOS [main] org.apache.catalina.startup.VersionLoggerListener.log JVM Vendor:            AdoptOpenJDK
02-Oct-2020 09:48:29.603 INFOS [main] org.apache.catalina.startup.VersionLoggerListener.log CATALINA_BASE:         /Users/samiryoucef/Desktop/apache-tomcat-8.5.32
02-Oct-2020 09:48:29.603 INFOS [main] org.apache.catalina.startup.VersionLoggerListener.log CATALINA_HOME:         /Users/samiryoucef/Desktop/apache-tomcat-8.5.32
02-Oct-2020 09:48:29.603 INFOS [main] org.apache.catalina.startup.VersionLoggerListener.log Command line argument: -Djava.util.logging.config.file=/Users/samiryoucef/Desktop/apache-tomcat-8.5.32/conf/logging.properties
02-Oct-2020 09:48:29.603 INFOS [main] org.apache.catalina.startup.VersionLoggerListener.log Command line argument: -Djava.util.logging.manager=org.apache.juli.ClassLoaderLogManager
02-Oct-2020 09:48:29.604 INFOS [main] org.apache.catalina.startup.VersionLoggerListener.log Command line argument: -Djdk.tls.ephemeralDHKeySize=2048
02-Oct-2020 09:48:29.604 INFOS [main] org.apache.catalina.startup.VersionLoggerListener.log Command line argument: -Djava.protocol.handler.pkgs=org.apache.catalina.webresources
02-Oct-2020 09:48:29.604 INFOS [main] org.apache.catalina.startup.VersionLoggerListener.log Command line argument: -Dorg.apache.catalina.security.SecurityListener.UMASK=0027
02-Oct-2020 09:48:29.604 INFOS [main] org.apache.catalina.startup.VersionLoggerListener.log Command line argument: -Dignore.endorsed.dirs=
02-Oct-2020 09:48:29.604 INFOS [main] org.apache.catalina.startup.VersionLoggerListener.log Command line argument: -Dcatalina.base=/Users/samiryoucef/Desktop/apache-tomcat-8.5.32
02-Oct-2020 09:48:29.604 INFOS [main] org.apache.catalina.startup.VersionLoggerListener.log Command line argument: -Dcatalina.home=/Users/samiryoucef/Desktop/apache-tomcat-8.5.32
02-Oct-2020 09:48:29.604 INFOS [main] org.apache.catalina.startup.VersionLoggerListener.log Command line argument: -Djava.io.tmpdir=/Users/samiryoucef/Desktop/apache-tomcat-8.5.32/temp
02-Oct-2020 09:48:29.604 INFOS [main] org.apache.catalina.core.AprLifecycleListener.lifecycleEvent The APR based Apache Tomcat Native library which allows optimal performance in production environments was not found on the java.library.path: [/Users/samiryoucef/Library/Java/Extensions:/Library/Java/Extensions:/Network/Library/Java/Extensions:/System/Library/Java/Extensions:/usr/lib/java:.]
02-Oct-2020 09:48:29.664 INFOS [main] org.apache.coyote.AbstractProtocol.init Initializing ProtocolHandler ["http-nio-8080"]
02-Oct-2020 09:48:29.675 INFOS [main] org.apache.tomcat.util.net.NioSelectorPool.getSharedSelector Using a shared selector for servlet write/read
02-Oct-2020 09:48:29.682 INFOS [main] org.apache.coyote.AbstractProtocol.init Initializing ProtocolHandler ["ajp-nio-8009"]
02-Oct-2020 09:48:29.683 INFOS [main] org.apache.tomcat.util.net.NioSelectorPool.getSharedSelector Using a shared selector for servlet write/read
02-Oct-2020 09:48:29.684 INFOS [main] org.apache.catalina.startup.Catalina.load Initialization processed in 359 ms
02-Oct-2020 09:48:29.702 INFOS [main] org.apache.catalina.core.StandardService.startInternal Démarrage du service [Catalina]
02-Oct-2020 09:48:29.702 INFOS [main] org.apache.catalina.core.StandardEngine.startInternal Starting Servlet Engine: Apache Tomcat/8.5.32
02-Oct-2020 09:48:29.717 INFOS [localhost-startStop-1] org.apache.catalina.startup.HostConfig.deployWAR Déploiement de l'archive [/Users/samiryoucef/Desktop/apache-tomcat-8.5.32/webapps/demoweb2i-1.0-SNAPSHOT.war] de l'application web
02-Oct-2020 09:48:30.119 INFOS [localhost-startStop-1] org.apache.catalina.startup.HostConfig.deployWAR Deployment of web application archive [/Users/samiryoucef/Desktop/apache-tomcat-8.5.32/webapps/demoweb2i-1.0-SNAPSHOT.war] has finished in [401] ms
02-Oct-2020 09:48:30.120 INFOS [localhost-startStop-1] org.apache.catalina.startup.HostConfig.deployDirectory Déploiement du répertoire [/Users/samiryoucef/Desktop/apache-tomcat-8.5.32/webapps/docs] de l'application web
02-Oct-2020 09:48:30.132 INFOS [localhost-startStop-1] org.apache.catalina.startup.HostConfig.deployDirectory Deployment of web application directory [/Users/samiryoucef/Desktop/apache-tomcat-8.5.32/webapps/docs] has finished in [12] ms
02-Oct-2020 09:48:30.132 INFOS [localhost-startStop-1] org.apache.catalina.startup.HostConfig.deployDirectory Déploiement du répertoire [/Users/samiryoucef/Desktop/apache-tomcat-8.5.32/webapps/manager] de l'application web
02-Oct-2020 09:48:30.155 INFOS [localhost-startStop-1] org.apache.catalina.startup.HostConfig.deployDirectory Deployment of web application directory [/Users/samiryoucef/Desktop/apache-tomcat-8.5.32/webapps/manager] has finished in [23] ms
02-Oct-2020 09:48:30.155 INFOS [localhost-startStop-1] org.apache.catalina.startup.HostConfig.deployDirectory Déploiement du répertoire [/Users/samiryoucef/Desktop/apache-tomcat-8.5.32/webapps/examples] de l'application web
02-Oct-2020 09:48:30.330 INFOS [localhost-startStop-1] org.apache.catalina.startup.HostConfig.deployDirectory Deployment of web application directory [/Users/samiryoucef/Desktop/apache-tomcat-8.5.32/webapps/examples] has finished in [175] ms
02-Oct-2020 09:48:30.330 INFOS [localhost-startStop-1] org.apache.catalina.startup.HostConfig.deployDirectory Déploiement du répertoire [/Users/samiryoucef/Desktop/apache-tomcat-8.5.32/webapps/ROOT] de l'application web
02-Oct-2020 09:48:30.341 INFOS [localhost-startStop-1] org.apache.catalina.startup.HostConfig.deployDirectory Deployment of web application directory [/Users/samiryoucef/Desktop/apache-tomcat-8.5.32/webapps/ROOT] has finished in [11] ms
02-Oct-2020 09:48:30.341 INFOS [localhost-startStop-1] org.apache.catalina.startup.HostConfig.deployDirectory Déploiement du répertoire [/Users/samiryoucef/Desktop/apache-tomcat-8.5.32/webapps/host-manager] de l'application web
02-Oct-2020 09:48:30.357 INFOS [localhost-startStop-1] org.apache.catalina.startup.HostConfig.deployDirectory Deployment of web application directory [/Users/samiryoucef/Desktop/apache-tomcat-8.5.32/webapps/host-manager] has finished in [16] ms
02-Oct-2020 09:48:30.360 INFOS [main] org.apache.coyote.AbstractProtocol.start Starting ProtocolHandler ["http-nio-8080"]
02-Oct-2020 09:48:30.366 INFOS [main] org.apache.coyote.AbstractProtocol.start Starting ProtocolHandler ["ajp-nio-8009"]
02-Oct-2020 09:48:30.368 INFOS [main] org.apache.catalina.startup.Catalina.start Server startup in 683 ms
02-Oct-2020 12:10:53.360 INFOS [main] org.apache.catalina.startup.VersionLoggerListener.log Server version:        Apache Tomcat/8.5.32
02-Oct-2020 12:10:53.362 INFOS [main] org.apache.catalina.startup.VersionLoggerListener.log Server built:          Jun 20 2018 19:50:35 UTC
02-Oct-2020 12:10:53.362 INFOS [main] org.apache.catalina.startup.VersionLoggerListener.log Server number:         8.5.32.0
02-Oct-2020 12:10:53.362 INFOS [main] org.apache.catalina.startup.VersionLoggerListener.log OS Name:               Mac OS X
02-Oct-2020 12:10:53.362 INFOS [main] org.apache.catalina.startup.VersionLoggerListener.log OS Version:            10.15.6
02-Oct-2020 12:10:53.362 INFOS [main] org.apache.catalina.startup.VersionLoggerListener.log Architecture:          x86_64
02-Oct-2020 12:10:53.362 INFOS [main] org.apache.catalina.startup.VersionLoggerListener.log Java Home:             /Users/samiryoucef/.sdkman/candidates/java/8.0.265.hs-adpt/jre
02-Oct-2020 12:10:53.362 INFOS [main] org.apache.catalina.startup.VersionLoggerListener.log JVM Version:           1.8.0_265-b01
02-Oct-2020 12:10:53.362 INFOS [main] org.apache.catalina.startup.VersionLoggerListener.log JVM Vendor:            AdoptOpenJDK
02-Oct-2020 12:10:53.362 INFOS [main] org.apache.catalina.startup.VersionLoggerListener.log CATALINA_BASE:         /Users/samiryoucef/Desktop/apache-tomcat-8.5.32
02-Oct-2020 12:10:53.362 INFOS [main] org.apache.catalina.startup.VersionLoggerListener.log CATALINA_HOME:         /Users/samiryoucef/Desktop/apache-tomcat-8.5.32
02-Oct-2020 12:10:53.363 INFOS [main] org.apache.catalina.startup.VersionLoggerListener.log Command line argument: -Djava.util.logging.config.file=/Users/samiryoucef/Desktop/apache-tomcat-8.5.32/conf/logging.properties
02-Oct-2020 12:10:53.363 INFOS [main] org.apache.catalina.startup.VersionLoggerListener.log Command line argument: -Djava.util.logging.manager=org.apache.juli.ClassLoaderLogManager
02-Oct-2020 12:10:53.363 INFOS [main] org.apache.catalina.startup.VersionLoggerListener.log Command line argument: -Djdk.tls.ephemeralDHKeySize=2048
02-Oct-2020 12:10:53.363 INFOS [main] org.apache.catalina.startup.VersionLoggerListener.log Command line argument: -Djava.protocol.handler.pkgs=org.apache.catalina.webresources
02-Oct-2020 12:10:53.363 INFOS [main] org.apache.catalina.startup.VersionLoggerListener.log Command line argument: -Dorg.apache.catalina.security.SecurityListener.UMASK=0027
02-Oct-2020 12:10:53.363 INFOS [main] org.apache.catalina.startup.VersionLoggerListener.log Command line argument: -Dignore.endorsed.dirs=
02-Oct-2020 12:10:53.363 INFOS [main] org.apache.catalina.startup.VersionLoggerListener.log Command line argument: -Dcatalina.base=/Users/samiryoucef/Desktop/apache-tomcat-8.5.32
02-Oct-2020 12:10:53.363 INFOS [main] org.apache.catalina.startup.VersionLoggerListener.log Command line argument: -Dcatalina.home=/Users/samiryoucef/Desktop/apache-tomcat-8.5.32
02-Oct-2020 12:10:53.363 INFOS [main] org.apache.catalina.startup.VersionLoggerListener.log Command line argument: -Djava.io.tmpdir=/Users/samiryoucef/Desktop/apache-tomcat-8.5.32/temp
02-Oct-2020 12:10:53.364 INFOS [main] org.apache.catalina.core.AprLifecycleListener.lifecycleEvent The APR based Apache Tomcat Native library which allows optimal performance in production environments was not found on the java.library.path: [/Users/samiryoucef/Library/Java/Extensions:/Library/Java/Extensions:/Network/Library/Java/Extensions:/System/Library/Java/Extensions:/usr/lib/java:.]
02-Oct-2020 12:10:53.428 INFOS [main] org.apache.coyote.AbstractProtocol.init Initializing ProtocolHandler ["http-nio-8080"]
02-Oct-2020 12:10:53.440 INFOS [main] org.apache.tomcat.util.net.NioSelectorPool.getSharedSelector Using a shared selector for servlet write/read
02-Oct-2020 12:10:53.448 INFOS [main] org.apache.coyote.AbstractProtocol.init Initializing ProtocolHandler ["ajp-nio-8009"]
02-Oct-2020 12:10:53.450 INFOS [main] org.apache.tomcat.util.net.NioSelectorPool.getSharedSelector Using a shared selector for servlet write/read
02-Oct-2020 12:10:53.450 INFOS [main] org.apache.catalina.startup.Catalina.load Initialization processed in 401 ms
02-Oct-2020 12:10:53.472 INFOS [main] org.apache.catalina.core.StandardService.startInternal Démarrage du service [Catalina]
02-Oct-2020 12:10:53.472 INFOS [main] org.apache.catalina.core.StandardEngine.startInternal Starting Servlet Engine: Apache Tomcat/8.5.32
02-Oct-2020 12:10:53.493 INFOS [localhost-startStop-1] org.apache.catalina.startup.HostConfig.deployWAR Déploiement de l'archive [/Users/samiryoucef/Desktop/apache-tomcat-8.5.32/webapps/demoweb2i-1.0-SNAPSHOT.war] de l'application web
02-Oct-2020 12:10:53.907 INFOS [localhost-startStop-1] org.apache.catalina.startup.HostConfig.deployWAR Deployment of web application archive [/Users/samiryoucef/Desktop/apache-tomcat-8.5.32/webapps/demoweb2i-1.0-SNAPSHOT.war] has finished in [413] ms
02-Oct-2020 12:10:53.907 INFOS [localhost-startStop-1] org.apache.catalina.startup.HostConfig.deployDirectory Déploiement du répertoire [/Users/samiryoucef/Desktop/apache-tomcat-8.5.32/webapps/docs] de l'application web
02-Oct-2020 12:10:53.930 INFOS [localhost-startStop-1] org.apache.catalina.startup.HostConfig.deployDirectory Deployment of web application directory [/Users/samiryoucef/Desktop/apache-tomcat-8.5.32/webapps/docs] has finished in [23] ms
02-Oct-2020 12:10:53.930 INFOS [localhost-startStop-1] org.apache.catalina.startup.HostConfig.deployDirectory Déploiement du répertoire [/Users/samiryoucef/Desktop/apache-tomcat-8.5.32/webapps/manager] de l'application web
02-Oct-2020 12:10:53.953 INFOS [localhost-startStop-1] org.apache.catalina.startup.HostConfig.deployDirectory Deployment of web application directory [/Users/samiryoucef/Desktop/apache-tomcat-8.5.32/webapps/manager] has finished in [23] ms
02-Oct-2020 12:10:53.953 INFOS [localhost-startStop-1] org.apache.catalina.startup.HostConfig.deployDirectory Déploiement du répertoire [/Users/samiryoucef/Desktop/apache-tomcat-8.5.32/webapps/examples] de l'application web
02-Oct-2020 12:10:54.130 INFOS [localhost-startStop-1] org.apache.catalina.startup.HostConfig.deployDirectory Deployment of web application directory [/Users/samiryoucef/Desktop/apache-tomcat-8.5.32/webapps/examples] has finished in [177] ms
02-Oct-2020 12:10:54.130 INFOS [localhost-startStop-1] org.apache.catalina.startup.HostConfig.deployDirectory Déploiement du répertoire [/Users/samiryoucef/Desktop/apache-tomcat-8.5.32/webapps/ROOT] de l'application web
02-Oct-2020 12:10:54.140 INFOS [localhost-startStop-1] org.apache.catalina.startup.HostConfig.deployDirectory Deployment of web application directory [/Users/samiryoucef/Desktop/apache-tomcat-8.5.32/webapps/ROOT] has finished in [10] ms
02-Oct-2020 12:10:54.140 INFOS [localhost-startStop-1] org.apache.catalina.startup.HostConfig.deployDirectory Déploiement du répertoire [/Users/samiryoucef/Desktop/apache-tomcat-8.5.32/webapps/host-manager] de l'application web
02-Oct-2020 12:10:54.153 INFOS [localhost-startStop-1] org.apache.catalina.startup.HostConfig.deployDirectory Deployment of web application directory [/Users/samiryoucef/Desktop/apache-tomcat-8.5.32/webapps/host-manager] has finished in [13] ms
02-Oct-2020 12:10:54.155 INFOS [main] org.apache.coyote.AbstractProtocol.start Starting ProtocolHandler ["http-nio-8080"]
02-Oct-2020 12:10:54.161 INFOS [main] org.apache.coyote.AbstractProtocol.start Starting ProtocolHandler ["ajp-nio-8009"]
02-Oct-2020 12:10:54.162 INFOS [main] org.apache.catalina.startup.Catalina.start Server startup in 712 ms
02-Oct-2020 16:50:43.370 INFOS [main] org.apache.catalina.startup.VersionLoggerListener.log Server version:        Apache Tomcat/8.5.32
02-Oct-2020 16:50:43.372 INFOS [main] org.apache.catalina.startup.VersionLoggerListener.log Server built:          Jun 20 2018 19:50:35 UTC
02-Oct-2020 16:50:43.372 INFOS [main] org.apache.catalina.startup.VersionLoggerListener.log Server number:         8.5.32.0
02-Oct-2020 16:50:43.372 INFOS [main] org.apache.catalina.startup.VersionLoggerListener.log OS Name:               Mac OS X
02-Oct-2020 16:50:43.372 INFOS [main] org.apache.catalina.startup.VersionLoggerListener.log OS Version:            10.15.6
02-Oct-2020 16:50:43.372 INFOS [main] org.apache.catalina.startup.VersionLoggerListener.log Architecture:          x86_64
02-Oct-2020 16:50:43.372 INFOS [main] org.apache.catalina.startup.VersionLoggerListener.log Java Home:             /Users/samiryoucef/.sdkman/candidates/java/8.0.265.hs-adpt/jre
02-Oct-2020 16:50:43.372 INFOS [main] org.apache.catalina.startup.VersionLoggerListener.log JVM Version:           1.8.0_265-b01
02-Oct-2020 16:50:43.372 INFOS [main] org.apache.catalina.startup.VersionLoggerListener.log JVM Vendor:            AdoptOpenJDK
02-Oct-2020 16:50:43.372 INFOS [main] org.apache.catalina.startup.VersionLoggerListener.log CATALINA_BASE:         /Users/samiryoucef/Desktop/apache-tomcat-8.5.32
02-Oct-2020 16:50:43.372 INFOS [main] org.apache.catalina.startup.VersionLoggerListener.log CATALINA_HOME:         /Users/samiryoucef/Desktop/apache-tomcat-8.5.32
02-Oct-2020 16:50:43.373 INFOS [main] org.apache.catalina.startup.VersionLoggerListener.log Command line argument: -Djava.util.logging.config.file=/Users/samiryoucef/Desktop/apache-tomcat-8.5.32/conf/logging.properties
02-Oct-2020 16:50:43.373 INFOS [main] org.apache.catalina.startup.VersionLoggerListener.log Command line argument: -Djava.util.logging.manager=org.apache.juli.ClassLoaderLogManager
02-Oct-2020 16:50:43.373 INFOS [main] org.apache.catalina.startup.VersionLoggerListener.log Command line argument: -Djdk.tls.ephemeralDHKeySize=2048
02-Oct-2020 16:50:43.373 INFOS [main] org.apache.catalina.startup.VersionLoggerListener.log Command line argument: -Djava.protocol.handler.pkgs=org.apache.catalina.webresources
02-Oct-2020 16:50:43.373 INFOS [main] org.apache.catalina.startup.VersionLoggerListener.log Command line argument: -Dorg.apache.catalina.security.SecurityListener.UMASK=0027
02-Oct-2020 16:50:43.373 INFOS [main] org.apache.catalina.startup.VersionLoggerListener.log Command line argument: -Dignore.endorsed.dirs=
02-Oct-2020 16:50:43.373 INFOS [main] org.apache.catalina.startup.VersionLoggerListener.log Command line argument: -Dcatalina.base=/Users/samiryoucef/Desktop/apache-tomcat-8.5.32
02-Oct-2020 16:50:43.373 INFOS [main] org.apache.catalina.startup.VersionLoggerListener.log Command line argument: -Dcatalina.home=/Users/samiryoucef/Desktop/apache-tomcat-8.5.32
02-Oct-2020 16:50:43.373 INFOS [main] org.apache.catalina.startup.VersionLoggerListener.log Command line argument: -Djava.io.tmpdir=/Users/samiryoucef/Desktop/apache-tomcat-8.5.32/temp
02-Oct-2020 16:50:43.373 INFOS [main] org.apache.catalina.core.AprLifecycleListener.lifecycleEvent The APR based Apache Tomcat Native library which allows optimal performance in production environments was not found on the java.library.path: [/Users/samiryoucef/Library/Java/Extensions:/Library/Java/Extensions:/Network/Library/Java/Extensions:/System/Library/Java/Extensions:/usr/lib/java:.]
02-Oct-2020 16:50:43.435 INFOS [main] org.apache.coyote.AbstractProtocol.init Initializing ProtocolHandler ["http-nio-8080"]
02-Oct-2020 16:50:43.445 GRAVE [main] org.apache.catalina.core.StandardService.initInternal Failed to initialize connector [Connector[HTTP/1.1-8080]]
 org.apache.catalina.LifecycleException: Failed to initialize component [Connector[HTTP/1.1-8080]]
	at org.apache.catalina.util.LifecycleBase.init(LifecycleBase.java:112)
	at org.apache.catalina.core.StandardService.initInternal(StandardService.java:549)
	at org.apache.catalina.util.LifecycleBase.init(LifecycleBase.java:107)
	at org.apache.catalina.core.StandardServer.initInternal(StandardServer.java:875)
	at org.apache.catalina.util.LifecycleBase.init(LifecycleBase.java:107)
	at org.apache.catalina.startup.Catalina.load(Catalina.java:632)
	at org.apache.catalina.startup.Catalina.load(Catalina.java:655)
	at sun.reflect.NativeMethodAccessorImpl.invoke0(Native Method)
	at sun.reflect.NativeMethodAccessorImpl.invoke(NativeMethodAccessorImpl.java:62)
	at sun.reflect.DelegatingMethodAccessorImpl.invoke(DelegatingMethodAccessorImpl.java:43)
	at java.lang.reflect.Method.invoke(Method.java:498)
	at org.apache.catalina.startup.Bootstrap.load(Bootstrap.java:309)
	at org.apache.catalina.startup.Bootstrap.main(Bootstrap.java:492)
Caused by: org.apache.catalina.LifecycleException: L''initialisation du gestionnaire de protocole a échoué
	at org.apache.catalina.connector.Connector.initInternal(Connector.java:995)
	at org.apache.catalina.util.LifecycleBase.init(LifecycleBase.java:107)
	... 12 more
Caused by: java.net.BindException: Address already in use
	at sun.nio.ch.Net.bind0(Native Method)
	at sun.nio.ch.Net.bind(Net.java:433)
	at sun.nio.ch.Net.bind(Net.java:425)
	at sun.nio.ch.ServerSocketChannelImpl.bind(ServerSocketChannelImpl.java:220)
	at sun.nio.ch.ServerSocketAdaptor.bind(ServerSocketAdaptor.java:85)
	at org.apache.tomcat.util.net.NioEndpoint.bind(NioEndpoint.java:210)
	at org.apache.tomcat.util.net.AbstractEndpoint.init(AbstractEndpoint.java:1086)
	at org.apache.tomcat.util.net.AbstractJsseEndpoint.init(AbstractJsseEndpoint.java:268)
	at org.apache.coyote.AbstractProtocol.init(AbstractProtocol.java:581)
	at org.apache.coyote.http11.AbstractHttp11Protocol.init(AbstractHttp11Protocol.java:68)
	at org.apache.catalina.connector.Connector.initInternal(Connector.java:993)
	... 13 more

02-Oct-2020 16:50:43.446 INFOS [main] org.apache.coyote.AbstractProtocol.init Initializing ProtocolHandler ["ajp-nio-8009"]
02-Oct-2020 16:50:43.447 GRAVE [main] org.apache.catalina.core.StandardService.initInternal Failed to initialize connector [Connector[AJP/1.3-8009]]
 org.apache.catalina.LifecycleException: Failed to initialize component [Connector[AJP/1.3-8009]]
	at org.apache.catalina.util.LifecycleBase.init(LifecycleBase.java:112)
	at org.apache.catalina.core.StandardService.initInternal(StandardService.java:549)
	at org.apache.catalina.util.LifecycleBase.init(LifecycleBase.java:107)
	at org.apache.catalina.core.StandardServer.initInternal(StandardServer.java:875)
	at org.apache.catalina.util.LifecycleBase.init(LifecycleBase.java:107)
	at org.apache.catalina.startup.Catalina.load(Catalina.java:632)
	at org.apache.catalina.startup.Catalina.load(Catalina.java:655)
	at sun.reflect.NativeMethodAccessorImpl.invoke0(Native Method)
	at sun.reflect.NativeMethodAccessorImpl.invoke(NativeMethodAccessorImpl.java:62)
	at sun.reflect.DelegatingMethodAccessorImpl.invoke(DelegatingMethodAccessorImpl.java:43)
	at java.lang.reflect.Method.invoke(Method.java:498)
	at org.apache.catalina.startup.Bootstrap.load(Bootstrap.java:309)
	at org.apache.catalina.startup.Bootstrap.main(Bootstrap.java:492)
Caused by: org.apache.catalina.LifecycleException: L''initialisation du gestionnaire de protocole a échoué
	at org.apache.catalina.connector.Connector.initInternal(Connector.java:995)
	at org.apache.catalina.util.LifecycleBase.init(LifecycleBase.java:107)
	... 12 more
Caused by: java.net.BindException: Address already in use
	at sun.nio.ch.Net.bind0(Native Method)
	at sun.nio.ch.Net.bind(Net.java:433)
	at sun.nio.ch.Net.bind(Net.java:425)
	at sun.nio.ch.ServerSocketChannelImpl.bind(ServerSocketChannelImpl.java:220)
	at sun.nio.ch.ServerSocketAdaptor.bind(ServerSocketAdaptor.java:85)
	at org.apache.tomcat.util.net.NioEndpoint.bind(NioEndpoint.java:210)
	at org.apache.tomcat.util.net.AbstractEndpoint.init(AbstractEndpoint.java:1086)
	at org.apache.tomcat.util.net.AbstractJsseEndpoint.init(AbstractJsseEndpoint.java:268)
	at org.apache.coyote.AbstractProtocol.init(AbstractProtocol.java:581)
	at org.apache.catalina.connector.Connector.initInternal(Connector.java:993)
	... 13 more

02-Oct-2020 16:50:43.447 INFOS [main] org.apache.catalina.startup.Catalina.load Initialization processed in 353 ms
02-Oct-2020 16:50:43.469 INFOS [main] org.apache.catalina.core.StandardService.startInternal Démarrage du service [Catalina]
02-Oct-2020 16:50:43.469 INFOS [main] org.apache.catalina.core.StandardEngine.startInternal Starting Servlet Engine: Apache Tomcat/8.5.32
02-Oct-2020 16:50:43.485 INFOS [localhost-startStop-1] org.apache.catalina.startup.HostConfig.deployWAR Déploiement de l'archive [/Users/samiryoucef/Desktop/apache-tomcat-8.5.32/webapps/demoweb2i-1.0-SNAPSHOT.war] de l'application web
02-Oct-2020 16:50:43.811 INFOS [localhost-startStop-1] org.apache.catalina.startup.HostConfig.deployWAR Deployment of web application archive [/Users/samiryoucef/Desktop/apache-tomcat-8.5.32/webapps/demoweb2i-1.0-SNAPSHOT.war] has finished in [325] ms
02-Oct-2020 16:50:43.811 INFOS [localhost-startStop-1] org.apache.catalina.startup.HostConfig.deployDirectory Déploiement du répertoire [/Users/samiryoucef/Desktop/apache-tomcat-8.5.32/webapps/docs] de l'application web
02-Oct-2020 16:50:43.825 INFOS [localhost-startStop-1] org.apache.catalina.startup.HostConfig.deployDirectory Deployment of web application directory [/Users/samiryoucef/Desktop/apache-tomcat-8.5.32/webapps/docs] has finished in [13] ms
02-Oct-2020 16:50:43.825 INFOS [localhost-startStop-1] org.apache.catalina.startup.HostConfig.deployDirectory Déploiement du répertoire [/Users/samiryoucef/Desktop/apache-tomcat-8.5.32/webapps/manager] de l'application web
02-Oct-2020 16:50:43.854 INFOS [localhost-startStop-1] org.apache.catalina.startup.HostConfig.deployDirectory Deployment of web application directory [/Users/samiryoucef/Desktop/apache-tomcat-8.5.32/webapps/manager] has finished in [29] ms
02-Oct-2020 16:50:43.854 INFOS [localhost-startStop-1] org.apache.catalina.startup.HostConfig.deployDirectory Déploiement du répertoire [/Users/samiryoucef/Desktop/apache-tomcat-8.5.32/webapps/examples] de l'application web
02-Oct-2020 16:50:44.016 INFOS [localhost-startStop-1] org.apache.catalina.startup.HostConfig.deployDirectory Deployment of web application directory [/Users/samiryoucef/Desktop/apache-tomcat-8.5.32/webapps/examples] has finished in [162] ms
02-Oct-2020 16:50:44.017 INFOS [localhost-startStop-1] org.apache.catalina.startup.HostConfig.deployDirectory Déploiement du répertoire [/Users/samiryoucef/Desktop/apache-tomcat-8.5.32/webapps/ROOT] de l'application web
02-Oct-2020 16:50:44.026 INFOS [localhost-startStop-1] org.apache.catalina.startup.HostConfig.deployDirectory Deployment of web application directory [/Users/samiryoucef/Desktop/apache-tomcat-8.5.32/webapps/ROOT] has finished in [9] ms
02-Oct-2020 16:50:44.026 INFOS [localhost-startStop-1] org.apache.catalina.startup.HostConfig.deployDirectory Déploiement du répertoire [/Users/samiryoucef/Desktop/apache-tomcat-8.5.32/webapps/host-manager] de l'application web
02-Oct-2020 16:50:44.040 INFOS [localhost-startStop-1] org.apache.catalina.startup.HostConfig.deployDirectory Deployment of web application directory [/Users/samiryoucef/Desktop/apache-tomcat-8.5.32/webapps/host-manager] has finished in [14] ms
02-Oct-2020 16:50:44.042 INFOS [main] org.apache.catalina.startup.Catalina.start Server startup in 594 ms
02-Oct-2020 16:50:44.044 GRAVE [main] org.apache.catalina.core.StandardServer.await StandardServer.await: create[localhost:8005]: 
 java.net.BindException: Address already in use (Bind failed)
	at java.net.PlainSocketImpl.socketBind(Native Method)
	at java.net.AbstractPlainSocketImpl.bind(AbstractPlainSocketImpl.java:387)
	at java.net.ServerSocket.bind(ServerSocket.java:390)
	at java.net.ServerSocket.<init>(ServerSocket.java:252)
	at org.apache.catalina.core.StandardServer.await(StandardServer.java:440)
	at org.apache.catalina.startup.Catalina.await(Catalina.java:769)
	at org.apache.catalina.startup.Catalina.start(Catalina.java:715)
	at sun.reflect.NativeMethodAccessorImpl.invoke0(Native Method)
	at sun.reflect.NativeMethodAccessorImpl.invoke(NativeMethodAccessorImpl.java:62)
	at sun.reflect.DelegatingMethodAccessorImpl.invoke(DelegatingMethodAccessorImpl.java:43)
	at java.lang.reflect.Method.invoke(Method.java:498)
	at org.apache.catalina.startup.Bootstrap.start(Bootstrap.java:353)
	at org.apache.catalina.startup.Bootstrap.main(Bootstrap.java:493)

02-Oct-2020 16:50:44.045 INFOS [main] org.apache.coyote.AbstractProtocol.pause Pausing ProtocolHandler ["http-nio-8080"]
02-Oct-2020 16:50:44.045 INFOS [main] org.apache.coyote.AbstractProtocol.pause Pausing ProtocolHandler ["ajp-nio-8009"]
02-Oct-2020 16:50:44.045 INFOS [main] org.apache.catalina.core.StandardService.stopInternal Arrêt du service [Catalina]
02-Oct-2020 16:50:44.061 INFOS [main] org.apache.coyote.AbstractProtocol.stop Stopping ProtocolHandler ["http-nio-8080"]
02-Oct-2020 16:50:44.061 INFOS [main] org.apache.coyote.AbstractProtocol.destroy Destroying ProtocolHandler ["http-nio-8080"]
02-Oct-2020 16:50:44.062 INFOS [main] org.apache.coyote.AbstractProtocol.stop Stopping ProtocolHandler ["ajp-nio-8009"]
02-Oct-2020 16:50:44.062 INFOS [main] org.apache.coyote.AbstractProtocol.destroy Destroying ProtocolHandler ["ajp-nio-8009"]
02-Oct-2020 16:51:11.309 INFOS [http-nio-8080-exec-7] org.apache.catalina.startup.HostConfig.undeploy Repli (undeploy) de l'application web ayant pour chemin de contexte [/demoweb2i-1.0-SNAPSHOT]
02-Oct-2020 16:51:56.303 INFOS [http-nio-8080-exec-8] org.apache.catalina.startup.HostConfig.deployWAR Déploiement de l'archive [/Users/samiryoucef/Desktop/apache-tomcat-8.5.32/webapps/demowebsir-1.0-SNAPSHOT.war] de l'application web
02-Oct-2020 16:51:56.599 AVERTISSEMENT [http-nio-8080-exec-8] org.apache.tomcat.util.descriptor.web.WebXml.setVersion Unknown version string [4.0]. Default version will be used.
02-Oct-2020 16:51:57.711 INFOS [http-nio-8080-exec-8] org.apache.jasper.servlet.TldScanner.scanJars At least one JAR was scanned for TLDs yet contained no TLDs. Enable debug logging for this logger for a complete list of JARs that were scanned but no TLDs were found in them. Skipping unneeded JARs during scanning can improve startup time and JSP compilation time.
02-Oct-2020 16:51:57.801 INFOS [http-nio-8080-exec-8] org.apache.catalina.startup.HostConfig.deployWAR Deployment of web application archive [/Users/samiryoucef/Desktop/apache-tomcat-8.5.32/webapps/demowebsir-1.0-SNAPSHOT.war] has finished in [1 497] ms
02-Oct-2020 17:13:51.122 INFOS [http-nio-8080-exec-15] org.apache.catalina.startup.HostConfig.undeploy Repli (undeploy) de l'application web ayant pour chemin de contexte [/demowebsir-1.0-SNAPSHOT]
02-Oct-2020 17:15:03.688 INFOS [http-nio-8080-exec-22] org.apache.catalina.startup.HostConfig.deployWAR Déploiement de l'archive [/Users/samiryoucef/Desktop/apache-tomcat-8.5.32/webapps/demowebsir-1.0-SNAPSHOT.war] de l'application web
02-Oct-2020 17:15:03.952 AVERTISSEMENT [http-nio-8080-exec-22] org.apache.tomcat.util.descriptor.web.WebXml.setVersion Unknown version string [4.0]. Default version will be used.
02-Oct-2020 17:15:05.045 INFOS [http-nio-8080-exec-22] org.apache.jasper.servlet.TldScanner.scanJars At least one JAR was scanned for TLDs yet contained no TLDs. Enable debug logging for this logger for a complete list of JARs that were scanned but no TLDs were found in them. Skipping unneeded JARs during scanning can improve startup time and JSP compilation time.
02-Oct-2020 17:15:05.104 INFOS [http-nio-8080-exec-22] org.apache.catalina.startup.HostConfig.deployWAR Deployment of web application archive [/Users/samiryoucef/Desktop/apache-tomcat-8.5.32/webapps/demowebsir-1.0-SNAPSHOT.war] has finished in [1 416] ms
02-Oct-2020 17:18:48.907 INFOS [http-nio-8080-exec-23] org.apache.catalina.startup.HostConfig.undeploy Repli (undeploy) de l'application web ayant pour chemin de contexte [/demowebsir-1.0-SNAPSHOT]
02-Oct-2020 17:19:00.073 INFOS [http-nio-8080-exec-26] org.apache.catalina.startup.HostConfig.deployWAR Déploiement de l'archive [/Users/samiryoucef/Desktop/apache-tomcat-8.5.32/webapps/demowebsir-1.0-SNAPSHOT.war] de l'application web
02-Oct-2020 17:19:00.150 INFOS [http-nio-8080-exec-26] org.apache.catalina.startup.HostConfig.deployWAR Deployment of web application archive [/Users/samiryoucef/Desktop/apache-tomcat-8.5.32/webapps/demowebsir-1.0-SNAPSHOT.war] has finished in [78] ms
02-Oct-2020 17:20:32.029 INFOS [http-nio-8080-exec-29] org.apache.catalina.startup.HostConfig.undeploy Repli (undeploy) de l'application web ayant pour chemin de contexte [/demowebsir-1.0-SNAPSHOT]
02-Oct-2020 17:20:38.972 INFOS [http-nio-8080-exec-21] org.apache.catalina.startup.HostConfig.deployWAR Déploiement de l'archive [/Users/samiryoucef/Desktop/apache-tomcat-8.5.32/webapps/demowebsir-1.0-SNAPSHOT.war] de l'application web
02-Oct-2020 17:20:39.047 INFOS [http-nio-8080-exec-21] org.apache.catalina.startup.HostConfig.deployWAR Deployment of web application archive [/Users/samiryoucef/Desktop/apache-tomcat-8.5.32/webapps/demowebsir-1.0-SNAPSHOT.war] has finished in [75] ms
