05-Oct-2020 13:26:23.965 INFOS [main] org.apache.catalina.startup.VersionLoggerListener.log Server version:        Apache Tomcat/8.5.32
05-Oct-2020 13:26:23.970 INFOS [main] org.apache.catalina.startup.VersionLoggerListener.log Server built:          Jun 20 2018 19:50:35 UTC
05-Oct-2020 13:26:23.970 INFOS [main] org.apache.catalina.startup.VersionLoggerListener.log Server number:         8.5.32.0
05-Oct-2020 13:26:23.970 INFOS [main] org.apache.catalina.startup.VersionLoggerListener.log OS Name:               Mac OS X
05-Oct-2020 13:26:23.970 INFOS [main] org.apache.catalina.startup.VersionLoggerListener.log OS Version:            10.15.6
05-Oct-2020 13:26:23.971 INFOS [main] org.apache.catalina.startup.VersionLoggerListener.log Architecture:          x86_64
05-Oct-2020 13:26:23.971 INFOS [main] org.apache.catalina.startup.VersionLoggerListener.log Java Home:             /Users/samiryoucef/.sdkman/candidates/java/8.0.265.hs-adpt/jre
05-Oct-2020 13:26:23.971 INFOS [main] org.apache.catalina.startup.VersionLoggerListener.log JVM Version:           1.8.0_265-b01
05-Oct-2020 13:26:23.971 INFOS [main] org.apache.catalina.startup.VersionLoggerListener.log JVM Vendor:            AdoptOpenJDK
05-Oct-2020 13:26:23.971 INFOS [main] org.apache.catalina.startup.VersionLoggerListener.log CATALINA_BASE:         /Users/samiryoucef/Desktop/apache-tomcat-8.5.32
05-Oct-2020 13:26:23.971 INFOS [main] org.apache.catalina.startup.VersionLoggerListener.log CATALINA_HOME:         /Users/samiryoucef/Desktop/apache-tomcat-8.5.32
05-Oct-2020 13:26:23.972 INFOS [main] org.apache.catalina.startup.VersionLoggerListener.log Command line argument: -Djava.util.logging.config.file=/Users/samiryoucef/Desktop/apache-tomcat-8.5.32/conf/logging.properties
05-Oct-2020 13:26:23.972 INFOS [main] org.apache.catalina.startup.VersionLoggerListener.log Command line argument: -Djava.util.logging.manager=org.apache.juli.ClassLoaderLogManager
05-Oct-2020 13:26:23.972 INFOS [main] org.apache.catalina.startup.VersionLoggerListener.log Command line argument: -Djdk.tls.ephemeralDHKeySize=2048
05-Oct-2020 13:26:23.972 INFOS [main] org.apache.catalina.startup.VersionLoggerListener.log Command line argument: -Djava.protocol.handler.pkgs=org.apache.catalina.webresources
05-Oct-2020 13:26:23.972 INFOS [main] org.apache.catalina.startup.VersionLoggerListener.log Command line argument: -Dorg.apache.catalina.security.SecurityListener.UMASK=0027
05-Oct-2020 13:26:23.972 INFOS [main] org.apache.catalina.startup.VersionLoggerListener.log Command line argument: -Dignore.endorsed.dirs=
05-Oct-2020 13:26:23.972 INFOS [main] org.apache.catalina.startup.VersionLoggerListener.log Command line argument: -Dcatalina.base=/Users/samiryoucef/Desktop/apache-tomcat-8.5.32
05-Oct-2020 13:26:23.972 INFOS [main] org.apache.catalina.startup.VersionLoggerListener.log Command line argument: -Dcatalina.home=/Users/samiryoucef/Desktop/apache-tomcat-8.5.32
05-Oct-2020 13:26:23.972 INFOS [main] org.apache.catalina.startup.VersionLoggerListener.log Command line argument: -Djava.io.tmpdir=/Users/samiryoucef/Desktop/apache-tomcat-8.5.32/temp
05-Oct-2020 13:26:23.972 INFOS [main] org.apache.catalina.core.AprLifecycleListener.lifecycleEvent The APR based Apache Tomcat Native library which allows optimal performance in production environments was not found on the java.library.path: [/Users/samiryoucef/Library/Java/Extensions:/Library/Java/Extensions:/Network/Library/Java/Extensions:/System/Library/Java/Extensions:/usr/lib/java:.]
05-Oct-2020 13:26:24.088 INFOS [main] org.apache.coyote.AbstractProtocol.init Initializing ProtocolHandler ["http-nio-8080"]
05-Oct-2020 13:26:24.109 INFOS [main] org.apache.tomcat.util.net.NioSelectorPool.getSharedSelector Using a shared selector for servlet write/read
05-Oct-2020 13:26:24.115 INFOS [main] org.apache.coyote.AbstractProtocol.init Initializing ProtocolHandler ["ajp-nio-8009"]
05-Oct-2020 13:26:24.116 INFOS [main] org.apache.tomcat.util.net.NioSelectorPool.getSharedSelector Using a shared selector for servlet write/read
05-Oct-2020 13:26:24.117 INFOS [main] org.apache.catalina.startup.Catalina.load Initialization processed in 541 ms
05-Oct-2020 13:26:24.143 INFOS [main] org.apache.catalina.core.StandardService.startInternal Démarrage du service [Catalina]
05-Oct-2020 13:26:24.143 INFOS [main] org.apache.catalina.core.StandardEngine.startInternal Starting Servlet Engine: Apache Tomcat/8.5.32
05-Oct-2020 13:26:24.163 INFOS [localhost-startStop-1] org.apache.catalina.startup.HostConfig.deployWAR Déploiement de l'archive [/Users/samiryoucef/Desktop/apache-tomcat-8.5.32/webapps/demowebsir.war] de l'application web
05-Oct-2020 13:26:24.410 AVERTISSEMENT [localhost-startStop-1] org.apache.tomcat.util.descriptor.web.WebXml.setVersion Unknown version string [4.0]. Default version will be used.
05-Oct-2020 13:26:25.894 INFOS [localhost-startStop-1] org.apache.jasper.servlet.TldScanner.scanJars At least one JAR was scanned for TLDs yet contained no TLDs. Enable debug logging for this logger for a complete list of JARs that were scanned but no TLDs were found in them. Skipping unneeded JARs during scanning can improve startup time and JSP compilation time.
05-Oct-2020 13:26:26.052 INFOS [localhost-startStop-1] org.apache.catalina.startup.HostConfig.deployWAR Deployment of web application archive [/Users/samiryoucef/Desktop/apache-tomcat-8.5.32/webapps/demowebsir.war] has finished in [1 889] ms
05-Oct-2020 13:26:26.053 INFOS [localhost-startStop-1] org.apache.catalina.startup.HostConfig.deployDirectory Déploiement du répertoire [/Users/samiryoucef/Desktop/apache-tomcat-8.5.32/webapps/docs] de l'application web
05-Oct-2020 13:26:26.066 INFOS [localhost-startStop-1] org.apache.catalina.startup.HostConfig.deployDirectory Deployment of web application directory [/Users/samiryoucef/Desktop/apache-tomcat-8.5.32/webapps/docs] has finished in [13] ms
05-Oct-2020 13:26:26.066 INFOS [localhost-startStop-1] org.apache.catalina.startup.HostConfig.deployDirectory Déploiement du répertoire [/Users/samiryoucef/Desktop/apache-tomcat-8.5.32/webapps/manager] de l'application web
05-Oct-2020 13:26:26.089 INFOS [localhost-startStop-1] org.apache.catalina.startup.HostConfig.deployDirectory Deployment of web application directory [/Users/samiryoucef/Desktop/apache-tomcat-8.5.32/webapps/manager] has finished in [23] ms
05-Oct-2020 13:26:26.089 INFOS [localhost-startStop-1] org.apache.catalina.startup.HostConfig.deployDirectory Déploiement du répertoire [/Users/samiryoucef/Desktop/apache-tomcat-8.5.32/webapps/examples] de l'application web
05-Oct-2020 13:26:26.247 INFOS [localhost-startStop-1] org.apache.catalina.startup.HostConfig.deployDirectory Deployment of web application directory [/Users/samiryoucef/Desktop/apache-tomcat-8.5.32/webapps/examples] has finished in [158] ms
05-Oct-2020 13:26:26.247 INFOS [localhost-startStop-1] org.apache.catalina.startup.HostConfig.deployDirectory Déploiement du répertoire [/Users/samiryoucef/Desktop/apache-tomcat-8.5.32/webapps/ROOT] de l'application web
05-Oct-2020 13:26:26.258 INFOS [localhost-startStop-1] org.apache.catalina.startup.HostConfig.deployDirectory Deployment of web application directory [/Users/samiryoucef/Desktop/apache-tomcat-8.5.32/webapps/ROOT] has finished in [11] ms
05-Oct-2020 13:26:26.259 INFOS [localhost-startStop-1] org.apache.catalina.startup.HostConfig.deployDirectory Déploiement du répertoire [/Users/samiryoucef/Desktop/apache-tomcat-8.5.32/webapps/host-manager] de l'application web
05-Oct-2020 13:26:26.272 INFOS [localhost-startStop-1] org.apache.catalina.startup.HostConfig.deployDirectory Deployment of web application directory [/Users/samiryoucef/Desktop/apache-tomcat-8.5.32/webapps/host-manager] has finished in [13] ms
05-Oct-2020 13:26:26.274 INFOS [main] org.apache.coyote.AbstractProtocol.start Starting ProtocolHandler ["http-nio-8080"]
05-Oct-2020 13:26:26.279 INFOS [main] org.apache.coyote.AbstractProtocol.start Starting ProtocolHandler ["ajp-nio-8009"]
05-Oct-2020 13:26:26.280 INFOS [main] org.apache.catalina.startup.Catalina.start Server startup in 2163 ms
05-Oct-2020 13:29:19.856 INFOS [Thread-5] org.apache.coyote.AbstractProtocol.pause Pausing ProtocolHandler ["http-nio-8080"]
05-Oct-2020 13:29:19.860 INFOS [Thread-5] org.apache.coyote.AbstractProtocol.pause Pausing ProtocolHandler ["ajp-nio-8009"]
05-Oct-2020 13:29:19.914 INFOS [Thread-5] org.apache.catalina.core.StandardService.stopInternal Arrêt du service [Catalina]
05-Oct-2020 13:29:19.966 INFOS [Thread-5] org.apache.coyote.AbstractProtocol.stop Stopping ProtocolHandler ["http-nio-8080"]
05-Oct-2020 13:29:19.968 INFOS [Thread-5] org.apache.coyote.AbstractProtocol.stop Stopping ProtocolHandler ["ajp-nio-8009"]
05-Oct-2020 13:29:19.968 INFOS [Thread-5] org.apache.coyote.AbstractProtocol.destroy Destroying ProtocolHandler ["http-nio-8080"]
05-Oct-2020 13:29:19.969 INFOS [Thread-5] org.apache.coyote.AbstractProtocol.destroy Destroying ProtocolHandler ["ajp-nio-8009"]
