02-Oct-2020 00:06:08.409 INFOS [http-nio-8080-exec-18] org.apache.catalina.core.ApplicationContext.log HTMLManager: undeploy: Undeploying web application at '/demowebsir-1.0-SNAPSHOT'
02-Oct-2020 00:06:08.934 INFOS [http-nio-8080-exec-18] org.apache.catalina.core.ApplicationContext.log HTMLManager: list: Listing contexts for virtual host 'localhost'
02-Oct-2020 00:06:26.079 INFOS [http-nio-8080-exec-16] org.apache.catalina.core.ApplicationContext.log HTMLManager: list: Listing contexts for virtual host 'localhost'
02-Oct-2020 00:10:27.436 INFOS [http-nio-8080-exec-25] org.apache.catalina.core.ApplicationContext.log HTMLManager: list: Listing contexts for virtual host 'localhost'
02-Oct-2020 00:10:30.295 INFOS [http-nio-8080-exec-26] org.apache.catalina.core.ApplicationContext.log HTMLManager: undeploy: Undeploying web application at '/demowebsir-1.0-SNAPSHOT'
02-Oct-2020 00:10:30.806 INFOS [http-nio-8080-exec-26] org.apache.catalina.core.ApplicationContext.log HTMLManager: list: Listing contexts for virtual host 'localhost'
02-Oct-2020 00:11:21.923 INFOS [http-nio-8080-exec-29] org.apache.catalina.core.ApplicationContext.log HTMLManager: list: Listing contexts for virtual host 'localhost'
02-Oct-2020 00:16:17.036 INFOS [http-nio-8080-exec-31] org.apache.catalina.core.ApplicationContext.log HTMLManager: undeploy: Undeploying web application at '/demowebsir-1.0-SNAPSHOT'
02-Oct-2020 00:16:17.549 INFOS [http-nio-8080-exec-31] org.apache.catalina.core.ApplicationContext.log HTMLManager: list: Listing contexts for virtual host 'localhost'
02-Oct-2020 00:16:27.806 INFOS [http-nio-8080-exec-33] org.apache.catalina.core.ApplicationContext.log HTMLManager: list: Listing contexts for virtual host 'localhost'
02-Oct-2020 00:20:36.107 INFOS [http-nio-8080-exec-41] org.apache.catalina.core.ApplicationContext.log HTMLManager: undeploy: Undeploying web application at '/demowebsir-1.0-SNAPSHOT'
02-Oct-2020 00:20:36.620 INFOS [http-nio-8080-exec-41] org.apache.catalina.core.ApplicationContext.log HTMLManager: list: Listing contexts for virtual host 'localhost'
02-Oct-2020 00:20:46.440 INFOS [http-nio-8080-exec-46] org.apache.catalina.core.ApplicationContext.log HTMLManager: list: Listing contexts for virtual host 'localhost'
02-Oct-2020 00:22:36.188 INFOS [http-nio-8080-exec-49] org.apache.catalina.core.ApplicationContext.log HTMLManager: undeploy: Undeploying web application at '/demowebsir-1.0-SNAPSHOT'
02-Oct-2020 00:22:36.697 INFOS [http-nio-8080-exec-49] org.apache.catalina.core.ApplicationContext.log HTMLManager: list: Listing contexts for virtual host 'localhost'
02-Oct-2020 00:22:46.286 INFOS [http-nio-8080-exec-51] org.apache.catalina.core.ApplicationContext.log HTMLManager: list: Listing contexts for virtual host 'localhost'
02-Oct-2020 00:28:51.808 INFOS [http-nio-8080-exec-54] org.apache.catalina.core.ApplicationContext.log HTMLManager: undeploy: Undeploying web application at '/demowebsir-1.0-SNAPSHOT'
02-Oct-2020 00:28:52.322 INFOS [http-nio-8080-exec-54] org.apache.catalina.core.ApplicationContext.log HTMLManager: list: Listing contexts for virtual host 'localhost'
02-Oct-2020 00:29:02.875 INFOS [http-nio-8080-exec-45] org.apache.catalina.core.ApplicationContext.log HTMLManager: list: Listing contexts for virtual host 'localhost'
02-Oct-2020 00:36:27.118 INFOS [http-nio-8080-exec-62] org.apache.catalina.core.ApplicationContext.log HTMLManager: undeploy: Undeploying web application at '/demowebsir-1.0-SNAPSHOT'
02-Oct-2020 00:36:27.628 INFOS [http-nio-8080-exec-62] org.apache.catalina.core.ApplicationContext.log HTMLManager: list: Listing contexts for virtual host 'localhost'
02-Oct-2020 00:37:34.628 INFOS [http-nio-8080-exec-72] org.apache.catalina.core.ApplicationContext.log HTMLManager: list: Listing contexts for virtual host 'localhost'
02-Oct-2020 00:38:17.251 INFOS [http-nio-8080-exec-70] org.apache.catalina.core.ApplicationContext.log HTMLManager: undeploy: Undeploying web application at '/demowebsir-1.0-SNAPSHOT'
02-Oct-2020 00:38:17.760 INFOS [http-nio-8080-exec-70] org.apache.catalina.core.ApplicationContext.log HTMLManager: list: Listing contexts for virtual host 'localhost'
02-Oct-2020 00:38:27.851 INFOS [http-nio-8080-exec-68] org.apache.catalina.core.ApplicationContext.log HTMLManager: list: Listing contexts for virtual host 'localhost'
02-Oct-2020 00:39:18.802 INFOS [http-nio-8080-exec-76] org.apache.catalina.core.ApplicationContext.log HTMLManager: undeploy: Undeploying web application at '/demowebsir-1.0-SNAPSHOT'
02-Oct-2020 00:39:19.312 INFOS [http-nio-8080-exec-76] org.apache.catalina.core.ApplicationContext.log HTMLManager: list: Listing contexts for virtual host 'localhost'
02-Oct-2020 00:39:28.874 INFOS [http-nio-8080-exec-72] org.apache.catalina.core.ApplicationContext.log HTMLManager: list: Listing contexts for virtual host 'localhost'
02-Oct-2020 00:41:57.340 INFOS [http-nio-8080-exec-81] org.apache.catalina.core.ApplicationContext.log HTMLManager: undeploy: Undeploying web application at '/demowebsir-1.0-SNAPSHOT'
02-Oct-2020 00:41:57.856 INFOS [http-nio-8080-exec-81] org.apache.catalina.core.ApplicationContext.log HTMLManager: list: Listing contexts for virtual host 'localhost'
02-Oct-2020 00:42:06.710 INFOS [http-nio-8080-exec-79] org.apache.catalina.core.ApplicationContext.log HTMLManager: list: Listing contexts for virtual host 'localhost'
02-Oct-2020 00:46:09.347 INFOS [http-nio-8080-exec-87] org.apache.catalina.core.ApplicationContext.log HTMLManager: undeploy: Undeploying web application at '/demowebsir-1.0-SNAPSHOT'
02-Oct-2020 00:46:09.855 INFOS [http-nio-8080-exec-87] org.apache.catalina.core.ApplicationContext.log HTMLManager: list: Listing contexts for virtual host 'localhost'
02-Oct-2020 00:46:19.445 INFOS [http-nio-8080-exec-91] org.apache.catalina.core.ApplicationContext.log HTMLManager: list: Listing contexts for virtual host 'localhost'
02-Oct-2020 00:54:27.611 INFOS [http-nio-8080-exec-96] org.apache.catalina.core.ApplicationContext.log HTMLManager: undeploy: Undeploying web application at '/demowebsir-1.0-SNAPSHOT'
02-Oct-2020 00:54:28.125 INFOS [http-nio-8080-exec-96] org.apache.catalina.core.ApplicationContext.log HTMLManager: list: Listing contexts for virtual host 'localhost'
02-Oct-2020 01:07:55.587 INFOS [http-nio-8080-exec-110] org.apache.catalina.core.ApplicationContext.log HTMLManager: undeploy: Undeploying web application at '/demowebsir-1.0-SNAPSHOT'
02-Oct-2020 01:07:55.587 INFOS [http-nio-8080-exec-110] org.apache.catalina.core.ApplicationContext.log HTMLManager: list: Listing contexts for virtual host 'localhost'
02-Oct-2020 09:27:58.577 INFOS [http-nio-8080-exec-110] org.apache.catalina.core.ApplicationContext.log HTMLManager: list: Listing contexts for virtual host 'localhost'
02-Oct-2020 09:28:26.155 INFOS [http-nio-8080-exec-112] org.apache.catalina.core.ApplicationContext.log HTMLManager: list: Listing contexts for virtual host 'localhost'
02-Oct-2020 09:29:54.636 INFOS [http-nio-8080-exec-107] org.apache.catalina.core.ApplicationContext.log HTMLManager: undeploy: Undeploying web application at '/demoweb2i-1.0-SNAPSHOT'
02-Oct-2020 09:29:55.151 INFOS [http-nio-8080-exec-107] org.apache.catalina.core.ApplicationContext.log HTMLManager: list: Listing contexts for virtual host 'localhost'
02-Oct-2020 09:30:04.432 INFOS [http-nio-8080-exec-113] org.apache.catalina.core.ApplicationContext.log HTMLManager: list: Listing contexts for virtual host 'localhost'
02-Oct-2020 09:48:37.352 INFOS [http-nio-8080-exec-2] org.apache.catalina.core.ApplicationContext.log HTMLManager: init: Associated with Deployer 'Catalina:type=Deployer,host=localhost'
02-Oct-2020 09:48:37.352 INFOS [http-nio-8080-exec-2] org.apache.catalina.core.ApplicationContext.log HTMLManager: init: Global resources are available
02-Oct-2020 09:48:37.380 INFOS [http-nio-8080-exec-2] org.apache.catalina.core.ApplicationContext.log HTMLManager: list: Listing contexts for virtual host 'localhost'
02-Oct-2020 09:50:23.120 INFOS [http-nio-8080-exec-6] org.apache.catalina.core.ApplicationContext.log HTMLManager: list: Listing contexts for virtual host 'localhost'
02-Oct-2020 12:11:01.492 INFOS [http-nio-8080-exec-1] org.apache.catalina.core.ApplicationContext.log HTMLManager: init: Associated with Deployer 'Catalina:type=Deployer,host=localhost'
02-Oct-2020 12:11:01.492 INFOS [http-nio-8080-exec-1] org.apache.catalina.core.ApplicationContext.log HTMLManager: init: Global resources are available
02-Oct-2020 12:11:01.503 INFOS [http-nio-8080-exec-1] org.apache.catalina.core.ApplicationContext.log HTMLManager: list: Listing contexts for virtual host 'localhost'
02-Oct-2020 16:50:50.661 INFOS [http-nio-8080-exec-3] org.apache.catalina.core.ApplicationContext.log HTMLManager: list: Listing contexts for virtual host 'localhost'
02-Oct-2020 16:51:10.787 INFOS [http-nio-8080-exec-7] org.apache.catalina.core.ApplicationContext.log HTMLManager: undeploy: Undeploying web application at '/demoweb2i-1.0-SNAPSHOT'
02-Oct-2020 16:51:11.349 INFOS [http-nio-8080-exec-7] org.apache.catalina.core.ApplicationContext.log HTMLManager: list: Listing contexts for virtual host 'localhost'
02-Oct-2020 16:51:57.801 INFOS [http-nio-8080-exec-8] org.apache.catalina.core.ApplicationContext.log HTMLManager: list: Listing contexts for virtual host 'localhost'
02-Oct-2020 17:13:50.575 INFOS [http-nio-8080-exec-15] org.apache.catalina.core.ApplicationContext.log HTMLManager: undeploy: Undeploying web application at '/demowebsir-1.0-SNAPSHOT'
02-Oct-2020 17:13:51.126 INFOS [http-nio-8080-exec-15] org.apache.catalina.core.ApplicationContext.log HTMLManager: list: Listing contexts for virtual host 'localhost'
02-Oct-2020 17:15:05.104 INFOS [http-nio-8080-exec-22] org.apache.catalina.core.ApplicationContext.log HTMLManager: list: Listing contexts for virtual host 'localhost'
02-Oct-2020 17:18:48.366 INFOS [http-nio-8080-exec-23] org.apache.catalina.core.ApplicationContext.log HTMLManager: undeploy: Undeploying web application at '/demowebsir-1.0-SNAPSHOT'
02-Oct-2020 17:18:48.910 INFOS [http-nio-8080-exec-23] org.apache.catalina.core.ApplicationContext.log HTMLManager: list: Listing contexts for virtual host 'localhost'
02-Oct-2020 17:19:00.151 INFOS [http-nio-8080-exec-26] org.apache.catalina.core.ApplicationContext.log HTMLManager: list: Listing contexts for virtual host 'localhost'
02-Oct-2020 17:20:31.521 INFOS [http-nio-8080-exec-29] org.apache.catalina.core.ApplicationContext.log HTMLManager: undeploy: Undeploying web application at '/demowebsir-1.0-SNAPSHOT'
02-Oct-2020 17:20:32.031 INFOS [http-nio-8080-exec-29] org.apache.catalina.core.ApplicationContext.log HTMLManager: list: Listing contexts for virtual host 'localhost'
02-Oct-2020 17:20:39.047 INFOS [http-nio-8080-exec-21] org.apache.catalina.core.ApplicationContext.log HTMLManager: list: Listing contexts for virtual host 'localhost'
